Using pre-set license
Built from '2020.2/release' branch; Version is '2020.2.4f1 (becced5a802b) revision 12504301'; Using compiler version '192528614'; Build Type 'Release'
OS: 'Windows 10 Home Single Language; OS build 19043.1466; Version 2009; 64bit' Language: 'en' Physical Memory: 24527 MB
BatchMode: 1, IsHumanControllingUs: 0, StartBugReporterOnCrash: 0, Is64bit: 1, IsPro: 0

 COMMAND LINE ARGUMENTS:
C:\Program Files\Unity\2020.2.4f1\Editor\Unity.exe
-adb2
-batchMode
-noUpm
-name
AssetImportWorker0
-projectPath
C:/Users/Burki/Documents/GitHub/Unity-CollectTheBallz
-logFile
Logs/AssetImportWorker0.log
-srvPort
59240
Successfully changed project path to: C:/Users/Burki/Documents/GitHub/Unity-CollectTheBallz
C:/Users/Burki/Documents/GitHub/Unity-CollectTheBallz
Using Asset Import Pipeline V2.
Refreshing native plugins compatible for Editor in 24.82 ms, found 0 plugins.
Preloading 0 native plugins for Editor in 0.00 ms.
Initialize engine version: 2020.2.4f1 (becced5a802b)
[Subsystems] Discovering subsystems at path C:/Program Files/Unity/2020.2.4f1/Editor/Data/Resources/UnitySubsystems
[Subsystems] Discovering subsystems at path C:/Users/Burki/Documents/GitHub/Unity-CollectTheBallz/Assets
GfxDevice: creating device client; threaded=0
Direct3D:
    Version:  Direct3D 11.0 [level 11.1]
    Renderer: AMD Radeon RX 5600 XT (ID=0x731f)
    Vendor:   
    VRAM:     6103 MB
    Driver:   30.0.13023.1012
Initialize mono
Mono path[0] = 'C:/Program Files/Unity/2020.2.4f1/Editor/Data/Managed'
Mono path[1] = 'C:/Program Files/Unity/2020.2.4f1/Editor/Data/MonoBleedingEdge/lib/mono/unityjit'
Mono config path = 'C:/Program Files/Unity/2020.2.4f1/Editor/Data/MonoBleedingEdge/etc'
Using monoOptions --debugger-agent=transport=dt_socket,embedding=1,server=y,suspend=n,address=127.0.0.1:56976
Begin MonoManager ReloadAssembly
Registering precompiled unity dll's ...
Register platform support module: C:/Program Files/Unity/2020.2.4f1/Editor/Data/PlaybackEngines/WebGLSupport/UnityEditor.WebGL.Extensions.dll
Register platform support module: C:/Program Files/Unity/2020.2.4f1/Editor/Data/PlaybackEngines/WindowsStandaloneSupport/UnityEditor.WindowsStandalone.Extensions.dll
Registered in 0.002443 seconds.
Native extension for WindowsStandalone target not found
Native extension for WebGL target not found
Refreshing native plugins compatible for Editor in 23.47 ms, found 0 plugins.
Preloading 0 native plugins for Editor in 0.00 ms.
Invoked RoslynAnalysisRunner static constructor.
RoslynAnalysisRunner will not be running.
RoslynAnalysisRunner has terminated.
Mono: successfully reloaded assembly
- Completed reload, in  1.654 seconds
Platform modules already initialized, skipping
Registering precompiled user dll's ...
Registered in 0.001436 seconds.
Begin MonoManager ReloadAssembly
Native extension for WindowsStandalone target not found
Native extension for WebGL target not found
Refreshing native plugins compatible for Editor in 24.21 ms, found 0 plugins.
Preloading 0 native plugins for Editor in 0.00 ms.
Invoked RoslynAnalysisRunner static constructor.
RoslynAnalysisRunner will not be running.
RoslynAnalysisRunner has terminated.
Mono: successfully reloaded assembly
- Completed reload, in  0.748 seconds
Platform modules already initialized, skipping
========================================================================
Worker process is ready to serve import requests
Launched and connected shader compiler UnityShaderCompiler.exe after 0.04 seconds
Refreshing native plugins compatible for Editor in 0.27 ms, found 0 plugins.
Preloading 0 native plugins for Editor in 0.00 ms.
Unloading 1159 Unused Serialized files (Serialized files now loaded: 0)
System memory in use before: 58.8 MB.
System memory in use after: 58.9 MB.

Unloading 12 unused Assets to reduce memory usage. Loaded Objects now: 1603.
Total: 1.767600 ms (FindLiveObjects: 0.293100 ms CreateObjectMapping: 0.057200 ms MarkObjects: 1.339800 ms  DeleteObjects: 0.076100 ms)

========================================================================
Received Import Request.
  path: Assets/NewBehaviourScript.cs
  artifactKey: Guid(860d37495786efe409c6e3f97b64894f) Importer(815301076,1909f56bfc062723c751e8b465ee728b)
Start importing Assets/NewBehaviourScript.cs using Guid(860d37495786efe409c6e3f97b64894f) Importer(815301076,1909f56bfc062723c751e8b465ee728b)  -> (artifact id: 'c24cb7afa04c7294b5d6117388ee260d') in 0.033135 seconds
  Import took 0.035165 seconds .

========================================================================
Received Prepare
Registering precompiled user dll's ...
Registered in 0.001341 seconds.
Begin MonoManager ReloadAssembly
Native extension for WindowsStandalone target not found
Native extension for WebGL target not found
Refreshing native plugins compatible for Editor in 0.39 ms, found 0 plugins.
Preloading 0 native plugins for Editor in 0.00 ms.
Invoked RoslynAnalysisRunner static constructor.
RoslynAnalysisRunner will not be running.
RoslynAnalysisRunner has terminated.
Mono: successfully reloaded assembly
- Completed reload, in  0.713 seconds
Platform modules already initialized, skipping
Switching build target platform(5) subTarget(0) extendedPlatform(0) -> platform(13) subTarget(537395200) extendedPlatform(0)
Refreshing native plugins compatible for Editor in 0.28 ms, found 0 plugins.
Preloading 0 native plugins for Editor in 0.00 ms.
Unloading 1157 Unused Serialized files (Serialized files now loaded: 0)
System memory in use before: 58.7 MB.
System memory in use after: 58.8 MB.

Unloading 7 unused Assets to reduce memory usage. Loaded Objects now: 1605.
Total: 1.716400 ms (FindLiveObjects: 0.199400 ms CreateObjectMapping: 0.029800 ms MarkObjects: 1.425400 ms  DeleteObjects: 0.060800 ms)

AssetImportParameters requested are different than current active one (requested -> active):
  custom:graphics/normal-map-encoding: 01000000000000000000000000000000 -> 02000000000000000000000000000000
========================================================================
Received Import Request.
  Time since last request: 7.954353 seconds.
  path: Assets/Scripts
  artifactKey: Guid(0f0ce70cded9f3c46809d7ad4be52732) Importer(815301076,1909f56bfc062723c751e8b465ee728b)
Start importing Assets/Scripts using Guid(0f0ce70cded9f3c46809d7ad4be52732) Importer(815301076,1909f56bfc062723c751e8b465ee728b)  -> (artifact id: '505937e83ee90731b59402c909f10fcb') in 0.007345 seconds
  Import took 0.009473 seconds .

========================================================================
Received Import Request.
  Time since last request: 0.001902 seconds.
  path: Assets/Scripts
  artifactKey: Guid(0f0ce70cded9f3c46809d7ad4be52732) Importer(815301076,1909f56bfc062723c751e8b465ee728b)
Start importing Assets/Scripts using Guid(0f0ce70cded9f3c46809d7ad4be52732) Importer(815301076,1909f56bfc062723c751e8b465ee728b)  -> (artifact id: '505937e83ee90731b59402c909f10fcb') in 0.001560 seconds
  Import took 0.003106 seconds .

========================================================================
Received Import Request.
  Time since last request: 7.304776 seconds.
  path: Assets/Scripts/GameManager.cs
  artifactKey: Guid(a77dc8b23d875ef4f8cb2b75fd61c956) Importer(815301076,1909f56bfc062723c751e8b465ee728b)
Start importing Assets/Scripts/GameManager.cs using Guid(a77dc8b23d875ef4f8cb2b75fd61c956) Importer(815301076,1909f56bfc062723c751e8b465ee728b)  -> (artifact id: '4270ae34c9c132e0fd01c5c19c6180b5') in 0.005553 seconds
  Import took 0.007669 seconds .

========================================================================
Received Prepare
Registering precompiled user dll's ...
Registered in 0.001327 seconds.
Begin MonoManager ReloadAssembly
Native extension for WindowsStandalone target not found
Native extension for WebGL target not found
Refreshing native plugins compatible for Editor in 0.37 ms, found 0 plugins.
Preloading 0 native plugins for Editor in 0.00 ms.
Invoked RoslynAnalysisRunner static constructor.
RoslynAnalysisRunner will not be running.
RoslynAnalysisRunner has terminated.
Mono: successfully reloaded assembly
- Completed reload, in  0.883 seconds
Platform modules already initialized, skipping
Switching build target platform(5) subTarget(0) extendedPlatform(0) -> platform(13) subTarget(537395200) extendedPlatform(0)
Refreshing native plugins compatible for Editor in 0.28 ms, found 0 plugins.
Preloading 0 native plugins for Editor in 0.00 ms.
Unloading 1158 Unused Serialized files (Serialized files now loaded: 0)
System memory in use before: 58.8 MB.
System memory in use after: 58.8 MB.

Unloading 7 unused Assets to reduce memory usage. Loaded Objects now: 1608.
Total: 2.000700 ms (FindLiveObjects: 0.305700 ms CreateObjectMapping: 0.047800 ms MarkObjects: 1.581600 ms  DeleteObjects: 0.063800 ms)

AssetImportParameters requested are different than current active one (requested -> active):
  custom:graphics/normal-map-encoding: 01000000000000000000000000000000 -> 02000000000000000000000000000000
